<?xml version="1.0" encoding="UTF-8"?>
<!-- Generated by org.testng.reporters.JUnitXMLReporter -->
<testsuite ignored="0" hostname="DESKTOP-FS4CIQU" failures="0" tests="2" name="Default test" time="32.285" errors="0" timestamp="14 Mar 2022 11:07:00 GMT">
  <testcase classname="org.testNG.expriments.Test4DataProviderExecution" name="dataProvider" time="25.919"/>
  <testcase classname="org.testNG.expriments.Test4DataProviderExecution" name="dataProvider" time="32.25"/>
</testsuite> <!-- Default test -->
