<?xml version="1.0" encoding="UTF-8"?>
<!-- Generated by org.testng.reporters.JUnitXMLReporter -->
<testsuite ignored="4" hostname="DESKTOP-FS4CIQU" failures="0" tests="1" name="Test(failed)(failed)" time="0.024" errors="0" timestamp="28 Feb 2022 15:55:02 GMT">
  <testcase classname="org.testNG.expriments.Test9Groups" name="test94" time="0.006"/>
  <testcase classname="org.testNG.expriments.Test9Groups" name="test95" time="0.0">
    <ignored/>
  </testcase> <!-- test95 -->
  <testcase classname="org.testNG.expriments.Test9Groups" name="test91" time="0.0">
    <ignored/>
  </testcase> <!-- test91 -->
  <testcase classname="org.testNG.expriments.Test9Groups" name="test92" time="0.0">
    <ignored/>
  </testcase> <!-- test92 -->
  <testcase classname="org.testNG.expriments.Test9Groups" name="test93" time="0.0">
    <ignored/>
  </testcase> <!-- test93 -->
</testsuite> <!-- Test(failed)(failed) -->
