<?xml version="1.0" encoding="UTF-8"?>
<!-- Generated by org.testng.reporters.JUnitXMLReporter -->
<testsuite ignored="0" hostname="DESKTOP-FS4CIQU" failures="0" tests="10" name="Test1" time="0.051" errors="0" timestamp="27 Feb 2022 20:06:01 GMT">
  <testcase classname="org.testNG.expriments.Test5ParallelExecution" name="Test51" time="0.008"/>
  <testcase classname="org.testNG.expriments.Test5ParallelExecution" name="Test53" time="0.001"/>
  <testcase classname="org.testNG.expriments.Test5ParallelExecution" name="Test54" time="0.003"/>
  <testcase classname="org.testNG.expriments.Test5ParallelExecution" name="Test57" time="0.002"/>
  <testcase classname="org.testNG.expriments.Test5ParallelExecution" name="Test58" time="0.003"/>
  <testcase classname="org.testNG.expriments.Test6ParallelExecution" name="Test61" time="0.002"/>
  <testcase classname="org.testNG.expriments.Test6ParallelExecution" name="Test63" time="0.001"/>
  <testcase classname="org.testNG.expriments.Test6ParallelExecution" name="Test64" time="0.0"/>
  <testcase classname="org.testNG.expriments.Test6ParallelExecution" name="Test67" time="0.0"/>
  <testcase classname="org.testNG.expriments.Test6ParallelExecution" name="Test68" time="0.001"/>
</testsuite> <!-- Test1 -->
