<?xml version="1.0" encoding="UTF-8"?>
<!-- Generated by org.testng.reporters.JUnitXMLReporter -->
<testsuite ignored="3" hostname="DESKTOP-FS4CIQU" failures="1" tests="5" name="Test(failed)" time="0.087" errors="0" timestamp="28 Feb 2022 16:18:12 GMT">
  <testcase classname="org.testNG.expriments.Test9Groups" name="test94" time="0.022"/>
  <testcase classname="org.testNG.expriments.Test9Groups" name="test92" time="0.002">
    <skipped/>
  </testcase> <!-- test92 -->
  <testcase classname="org.testNG.expriments.Test9Groups" name="test92" time="0.001">
    <skipped/>
  </testcase> <!-- test92 -->
  <testcase classname="org.testNG.expriments.Test9Groups" name="test92" time="0.001">
    <skipped/>
  </testcase> <!-- test92 -->
  <testcase classname="org.testNG.expriments.Test9Groups" name="test92" time="0.003">
    <failure type="java.lang.AssertionError">
      <![CDATA[java.lang.AssertionError
at org.junit.Assert.fail(Assert.java:87)
at org.junit.Assert.assertTrue(Assert.java:42)
at org.junit.Assert.assertTrue(Assert.java:53)
at org.testNG.expriments.Test9Groups.test92(Test9Groups.java:16)
... Removed 25 stack frames]]>
    </failure>
  </testcase> <!-- test92 -->
  <testcase classname="org.testNG.expriments.Test9Groups" name="test95" time="0.0">
    <ignored/>
  </testcase> <!-- test95 -->
  <testcase classname="org.testNG.expriments.Test9Groups" name="test91" time="0.0">
    <ignored/>
  </testcase> <!-- test91 -->
  <testcase classname="org.testNG.expriments.Test9Groups" name="test93" time="0.0">
    <ignored/>
  </testcase> <!-- test93 -->
</testsuite> <!-- Test(failed) -->
